20:53:29.016 [main] INFO  testCases.TC001_MegaMenu - LOGGER TEST: BaseClass initialized
20:56:52.783 [main] INFO  testCases.TC001_MegaMenu - LOGGER TEST: BaseClass initialized
21:10:04.339 [main] INFO  testCases.TC001_MegaMenu - LOGGER TEST: BaseClass initialized
21:10:56.349 [main] INFO  testCases.TC001_MegaMenu - LOGGER TEST: BaseClass initialized
21:19:12.266 [main] INFO  testCases.TC001_MegaMenu - LOGGER TEST: BaseClass initialized
21:37:58.962 [main] INFO  testCases.TC001_MegaMenu - LOGGER TEST: BaseClass initialized
21:38:26.122 [main] INFO  testCases.TC002_NewsLetterSuccess - LOGGER TEST: BaseClass initialized
21:39:27.495 [main] INFO  testCases.TC002_NewsLetterSuccess - LOGGER TEST: BaseClass initialized
21:42:30.516 [main] INFO  testCases.TC002_NewsLetterSuccess - LOGGER TEST: BaseClass initialized
21:47:16.876 [main] INFO  testCases.TC002_NewsLetterSuccess - LOGGER TEST: BaseClass initialized
21:55:38.080 [main] INFO  testCases.TC002_NewsLetterSuccess - LOGGER TEST: BaseClass initialized
21:57:20.658 [main] INFO  testCases.TC002_NewsLetterSuccess - LOGGER TEST: BaseClass initialized
22:02:23.494 [main] INFO  testCases.TC002_NewsLetterSuccess - LOGGER TEST: BaseClass initialized
22:05:22.681 [main] INFO  testCases.TC002_NewsLetterSuccess - LOGGER TEST: BaseClass initialized
22:06:02.397 [main] INFO  testCases.TC002_NewsLetterSuccess - LOGGER TEST: BaseClass initialized
22:07:59.556 [main] INFO  testCases.TC002_NewsLetterSuccess - LOGGER TEST: BaseClass initialized
22:10:06.109 [main] INFO  testCases.TC002_NewsLetterSuccess - LOGGER TEST: BaseClass initialized
22:13:47.241 [main] INFO  testCases.TC002_NewsLetterSuccess - LOGGER TEST: BaseClass initialized
22:15:41.782 [main] INFO  testCases.TC002_NewsLetterSuccess - LOGGER TEST: BaseClass initialized
22:18:35.998 [main] INFO  testCases.TC002_NewsLetterSuccess - LOGGER TEST: BaseClass initialized
22:32:26.949 [main] INFO  testCases.TC002_NewsLetterSuccess - LOGGER TEST: BaseClass initialized
22:33:42.228 [main] INFO  testCases.TC002_NewsLetterSuccess - LOGGER TEST: BaseClass initialized
13:46:26.092 [main] INFO  testCases.TC002_NewsLetterSuccess - LOGGER TEST: BaseClass initialized
13:49:01.667 [main] INFO  testCases.TC002_NewsLetterSuccess - LOGGER TEST: BaseClass initialized
13:50:55.754 [main] INFO  testCases.TC002_NewsLetterSuccess - LOGGER TEST: BaseClass initialized
13:53:41.939 [main] INFO  testCases.TC002_NewsLetterSuccess - LOGGER TEST: BaseClass initialized
14:11:38.230 [main] INFO  testCases.TC003_ContactUs - LOGGER TEST: BaseClass initialized
14:13:59.968 [main] INFO  testCases.TC003_ContactUs - LOGGER TEST: BaseClass initialized
14:14:49.841 [main] INFO  testCases.TC003_ContactUs - LOGGER TEST: BaseClass initialized
14:16:02.823 [main] INFO  testCases.TC003_ContactUs - LOGGER TEST: BaseClass initialized
14:27:37.805 [main] INFO  testCases.TC004_AboutUs - LOGGER TEST: BaseClass initialized
14:29:54.226 [main] INFO  testCases.TC004_AboutUs - LOGGER TEST: BaseClass initialized
14:32:30.267 [main] INFO  testCases.TC004_AboutUs - LOGGER TEST: BaseClass initialized
14:34:26.480 [main] INFO  testCases.TC004_AboutUs - LOGGER TEST: BaseClass initialized
14:35:51.145 [main] INFO  testCases.TC004_AboutUs - LOGGER TEST: BaseClass initialized
14:38:15.845 [main] INFO  testCases.TC004_AboutUs - LOGGER TEST: BaseClass initialized
14:39:40.703 [main] INFO  testCases.TC004_AboutUs - LOGGER TEST: BaseClass initialized
14:40:41.547 [main] INFO  testCases.TC004_AboutUs - LOGGER TEST: BaseClass initialized
14:44:57.997 [main] INFO  testCases.TC004_AboutUs - LOGGER TEST: BaseClass initialized
14:45:18.493 [main] INFO  testCases.TC002_NewsLetterSuccess - LOGGER TEST: BaseClass initialized
14:45:41.498 [main] INFO  testCases.TC001_MegaMenu - LOGGER TEST: BaseClass initialized
14:46:10.982 [main] INFO  testCases.TC003_ContactUs - LOGGER TEST: BaseClass initialized
14:47:40.326 [main] INFO  testCases.TC004_AboutUs - LOGGER TEST: BaseClass initialized
14:48:20.416 [main] INFO  testCases.TC002_NewsLetterSuccess - LOGGER TEST: BaseClass initialized
14:48:55.815 [main] INFO  testCases.TC001_MegaMenu - LOGGER TEST: BaseClass initialized
14:49:27.117 [main] INFO  testCases.TC002_NewsLetterSuccess - LOGGER TEST: BaseClass initialized
14:49:52.769 [main] INFO  testCases.TC003_ContactUs - LOGGER TEST: BaseClass initialized
14:50:10.538 [main] INFO  testCases.TC004_AboutUs - LOGGER TEST: BaseClass initialized
14:51:42.146 [TestNG-test-Master-1] INFO  testCases.TC001_MegaMenu - LOGGER TEST: BaseClass initialized
